INFO: [VRFC 10-2263] Analyzing Verilog file "C:/Study/DATKLL/RISC_CPU_MIPS.srcs/sources_1/new/CPU.v" into library xil_defaultlib
INFO: [VRFC 10-311] analyzing module CPU
INFO: [VRFC 10-2263] Analyzing Verilog file "C:/Study/DATKLL/RISC_CPU_MIPS.srcs/sources_1/new/alu.v" into library xil_defaultlib
INFO: [VRFC 10-311] analyzing module alu
INFO: [VRFC 10-2263] Analyzing Verilog file "C:/Study/DATKLL/RISC_CPU_MIPS.srcs/sources_1/new/alu_control.v" into library xil_defaultlib
INFO: [VRFC 10-311] analyzing module alu_control
INFO: [VRFC 10-2263] Analyzing Verilog file "C:/Study/DATKLL/RISC_CPU_MIPS.srcs/sources_1/new/control unit.v" into library xil_defaultlib
INFO: [VRFC 10-311] analyzing module control_unit
INFO: [VRFC 10-2263] Analyzing Verilog file "C:/Study/DATKLL/RISC_CPU_MIPS.srcs/sources_1/new/data_memory.v" into library xil_defaultlib
INFO: [VRFC 10-311] analyzing module data_memory
INFO: [VRFC 10-2263] Analyzing Verilog file "C:/Study/DATKLL/RISC_CPU_MIPS.srcs/sources_1/new/forward module.v" into library xil_defaultlib
INFO: [VRFC 10-311] analyzing module forwarding_unit
INFO: [VRFC 10-2263] Analyzing Verilog file "C:/Study/DATKLL/RISC_CPU_MIPS.srcs/sources_1/new/intruction memory.v" into library xil_defaultlib
INFO: [VRFC 10-311] analyzing module instruction_memory
INFO: [VRFC 10-2263] Analyzing Verilog file "C:/Study/DATKLL/RISC_CPU_MIPS.srcs/sources_1/new/module harzard.v" into library xil_defaultlib
INFO: [VRFC 10-311] analyzing module hazard_detection_unit
INFO: [VRFC 10-2263] Analyzing Verilog file "C:/Study/DATKLL/RISC_CPU_MIPS.srcs/sources_1/new/register aray.v" into library xil_defaultlib
INFO: [VRFC 10-311] analyzing module register_file
INFO: [VRFC 10-2263] Analyzing Verilog file "C:/Study/DATKLL/RISC_CPU_MIPS.srcs/sim_1/new/tb_RF.v" into library xil_defaultlib
INFO: [VRFC 10-311] analyzing module tb_register_file
INFO: [VRFC 10-2263] Analyzing Verilog file "C:/Study/DATKLL/RISC_CPU_MIPS.srcs/sim_1/new/tb_cpu.v" into library xil_defaultlib
INFO: [VRFC 10-311] analyzing module tb_cpu
