Time resolution is 1 ps
Instruction memory loaded from program.mem
==========================================================================================================
                                  CPU SYSTEM VERIFICATION REPORT                                          
==========================================================================================================
 Time  | PC   | Instr Name     | rs_val  rt_val | ALU Result | MemW | Br/J | RegW Data | HI   LO  
-------|------|----------------|----------------|------------|------|------|-----------|--------------
               15000ns | 0000 |           ADDI | 0000 0000   |    000a    |  0   |  0   | 000a > R1 | 0000 0000
               25000ns | 0002 |           ADDI | 0000 0000   |    0003    |  0   |  0   | 0003 > R2 | 0000 0000
               35000ns | 0004 |           ADDI | 0000 0000   |    fffb    |  0   |  0   | fffb > R3 | 0000 0000
               45000ns | 0006 |           ADDU | 000a 0003   |    000d    |  0   |  0   | 000d > R4 | 0000 0000
               55000ns | 0008 |           SUBU | 000a 0003   |    0007    |  0   |  0   | 0007 > R4 | 0000 0000
               65000ns | 000a |            AND | 000a 0003   |    0002    |  0   |  0   | 0002 > R4 | 0000 0000
               75000ns | 000c |             OR | 000a 0003   |    000b    |  0   |  0   | 000b > R4 | 0000 0000
               85000ns | 000e |          MULTU | 000a 0003   |    0000    |  0   |  0   | 0000 > R0 | 0000 0000
               95000ns | 0010 |           DIVU | 000a 0003   |    0000    |  0   |  0   | 0000 > R0 | 0000 001e
              105000ns | 0012 |            ADD | 000a fffb   |    0005    |  0   |  0   | 0005 > R4 | 0001 0003
              115000ns | 0014 |            SLT | fffb 000a   |    0001    |  0   |  0   | 0001 > R4 | 0001 0003
              125000ns | 0016 |            SLT | 000a fffb   |    0000    |  0   |  0   | 0000 > R4 | 0001 0003
              135000ns | 0018 |           MULT | 000a fffb   |    0000    |  0   |  0   | 0000 > R0 | 0001 0003
              145000ns | 001a |            SHL | 0003 000a   |    0050    |  0   |  0   | 0050 > R4 | ffff ffce
              155000ns | 001c |            ROR | 0003 000a   |    4001    |  0   |  0   | 4001 > R4 | ffff ffce
              165000ns | 001e |       SH (Mem) | 000a 0003   |    000c    |  1   |  0   | 000c > R2 | ffff ffce
              175000ns | 0020 |       LH (Mem) | 000a 0000   |    000c    |  0   |  0   | 0003 > R5 | ffff ffce
              185000ns | 0022 |           MTHI | 000a 0000   |    000a    |  0   |  0   | 000a > R0 | ffff ffce
              195000ns | 0024 |           MTLO | 0003 0000   |    0003    |  0   |  0   | 0003 > R0 | 000a ffce
              205000ns | 0026 |           MFHI | 0000 0000   |    000a    |  0   |  0   | 000a > R6 | 000a 0003
              215000ns | 0028 |           MFLO | 0000 0000   |    0003    |  0   |  0   | 0003 > R7 | 000a 0003
              225000ns | 002a |           SLTI | 0003 4001   |    0001    |  0   |  0   | 0001 > R4 | 000a 0003
              235000ns | 002c |           BNEQ | 0001 0000   |    0001    |  0   |  1   | 0001 > R0 | 000a 0003
              245000ns | 0032 |       LH (Mem) | 000a 0003   |    000e    |  0   |  0   | 3c00 > R5 | 000a 0003
              255000ns | 0034 |       LH (Mem) | 000a 000a   |    0010    |  0   |  0   | 4000 > R6 | 000a 0003
              265000ns | 0036 |         FP_ADD | 3c00 3c00   |    4000    |  0   |  0   | 4000 > R7 | 000a 0003
              275000ns | 0038 |         FP_SUB | 4000 4000   |    0000    |  0   |  0   | 0000 > R7 | 000a 0003
              285000ns | 003a |         FP_MUL | 3c00 3c00   |    3c00    |  0   |  0   | 3c00 > R7 | 000a 0003
              295000ns | 003c |         FP_DIV | 4000 3c00   |    4000    |  0   |  0   | 4000 > R7 | 000a 0003
              305000ns | 003e |           JUMP | 0000 0000   |    0000    |  0   |  1   | 0000 > R0 | 000a 0003
              315000ns | 0042 |           HALT | 0000 0000   |    0000    |  0   |  0   | 0000 > R0 | 000a 0003
----------------------------------------------------------------------------------------------------------
>>> HALT DETECTED AT PC=0042. PROGRAM FINISHED SUCCESSFULLY.
==========================================================================================================
$finish called at time : 315 ns : File "C:/Study/DATKLL/RISC_CPU_MIPS.srcs/sim_1/new/tb_cpu.v" Line 124
